node:internal/process/promises:394
    triggerUncaughtException(err, true /* fromPromise */);
    ^

[Error: ENOENT: no such file or directory, open '/home/tmr/credentials.json'] {
  errno: -2,
  code: 'ENOENT',
  syscall: 'open',
  path: '/home/tmr/credentials.json'
}

Node.js v22.21.0
node:internal/process/promises:394
    triggerUncaughtException(err, true /* fromPromise */);
    ^

[Error: ENOENT: no such file or directory, open '/home/tmr/credentials.json'] {
  errno: -2,
  code: 'ENOENT',
  syscall: 'open',
  path: '/home/tmr/credentials.json'
}

Node.js v22.21.0
node:internal/process/promises:394
    triggerUncaughtException(err, true /* fromPromise */);
    ^

[Error: ENOENT: no such file or directory, open '/home/tmr/credentials.json'] {
  errno: -2,
  code: 'ENOENT',
  syscall: 'open',
  path: '/home/tmr/credentials.json'
}

Node.js v22.21.0
node:internal/process/promises:394
    triggerUncaughtException(err, true /* fromPromise */);
    ^

[Error: ENOENT: no such file or directory, open '/home/tmr/credentials.json'] {
  errno: -2,
  code: 'ENOENT',
  syscall: 'open',
  path: '/home/tmr/credentials.json'
}

Node.js v22.21.0
node:internal/process/promises:394
    triggerUncaughtException(err, true /* fromPromise */);
    ^

[Error: ENOENT: no such file or directory, open '/home/tmr/credentials.json'] {
  errno: -2,
  code: 'ENOENT',
  syscall: 'open',
  path: '/home/tmr/credentials.json'
}

Node.js v22.21.0
node:internal/process/promises:394
    triggerUncaughtException(err, true /* fromPromise */);
    ^

[Error: ENOENT: no such file or directory, open '/home/tmr/credentials.json'] {
  errno: -2,
  code: 'ENOENT',
  syscall: 'open',
  path: '/home/tmr/credentials.json'
}

Node.js v22.21.0
Duplicada, NO se importa: Representación de la obra Nochebuena en la comisaría 2025-12-09T10:15:00.000Z Residencia Real de Navalmoral de la Mata
Duplicada, NO se importa: Taller Ciencia Circular 2026-01-20T09:20:00.000Z IES Augustóbriga
Duplicada, NO se importa: Tarea de prueba 2025-11-21T10:15:00.000Z SUM
Importada: Tarea de prueba 2 2025-11-18T10:15:00.000Z SUM
Importación terminada. Actividades importadas: 1, Actividades duplicadas y no añadidas: 3
Duplicada, NO se importa: Representación de la obra Nochebuena en la comisaría 2025-12-09T10:15:00.000Z Residencia Real de Navalmoral de la Mata
Duplicada, NO se importa: Taller Ciencia Circular 2026-01-20T09:20:00.000Z IES Augustóbriga
Duplicada, NO se importa: Tarea de prueba 2025-11-21T10:15:00.000Z SUM
Duplicada, NO se importa: Tarea de prueba 2 2025-11-18T10:15:00.000Z SUM
Importación terminada. Actividades importadas: 0, Actividades duplicadas y no añadidas: 4
Duplicada, NO se importa: Representación de la obra Nochebuena en la comisaría 2025-12-09T10:15:00.000Z Residencia Real de Navalmoral de la Mata
Duplicada, NO se importa: Taller Ciencia Circular 2026-01-20T09:20:00.000Z IES Augustóbriga
Duplicada, NO se importa: Tarea de prueba 2025-11-21T10:15:00.000Z SUM
Duplicada, NO se importa: Tarea de prueba 2 2025-11-18T10:15:00.000Z SUM
Importación terminada. Actividades importadas: 0, Actividades duplicadas y no añadidas: 4
Duplicada, NO se importa: Representación de la obra Nochebuena en la comisaría 2025-12-09T10:15:00.000Z Residencia Real de Navalmoral de la Mata
Duplicada, NO se importa: Taller Ciencia Circular 2026-01-20T09:20:00.000Z IES Augustóbriga
Duplicada, NO se importa: Tarea de prueba 2025-11-21T10:15:00.000Z SUM
Duplicada, NO se importa: Tarea de prueba 2 2025-11-18T10:15:00.000Z SUM
Importación terminada. Actividades importadas: 0, Actividades duplicadas y no añadidas: 4
Duplicada, NO se importa: Representación de la obra Nochebuena en la comisaría 2025-12-09T10:15:00.000Z Residencia Real de Navalmoral de la Mata
Duplicada, NO se importa: Taller Ciencia Circular 2026-01-20T09:20:00.000Z IES Augustóbriga
Duplicada, NO se importa: Tarea de prueba 2025-11-21T10:15:00.000Z SUM
Duplicada, NO se importa: Tarea de prueba 2 2025-11-18T10:15:00.000Z SUM
Importación terminada. Actividades importadas: 0, Actividades duplicadas y no añadidas: 4
